<?xml version="1.0" encoding="UTF-8"?>
<testsuite name="com.jojoldu.book.springboot.dto.HelloResponseDtoTest" tests="1" skipped="0" failures="0" errors="0" timestamp="2021-06-12T08:11:27" hostname="anseunghun-ui-MacBookPro.local" time="0.041">
  <properties/>
  <testcase name="lombokFunctionTest" classname="com.jojoldu.book.springboot.dto.HelloResponseDtoTest" time="0.041"/>
  <system-out><![CDATA[]]></system-out>
  <system-err><![CDATA[]]></system-err>
</testsuite>
