<?xml version="1.0" encoding="UTF-8"?>
<testsuite name="com.jojoldu.book.springboot.web.IndexControllerTest" tests="1" skipped="0" failures="0" errors="0" timestamp="2021-07-16T12:04:13" hostname="anseunghun-ui-MacBookPro.local" time="0.215">
  <properties/>
  <testcase name="mainPageLoading" classname="com.jojoldu.book.springboot.web.IndexControllerTest" time="0.215"/>
  <system-out><![CDATA[2021-07-16 21:04:13.926  INFO 57947 --- [    Test worker] .b.t.c.SpringBootTestContextBootstrapper : Neither @ContextConfiguration nor @ContextHierarchy found for test class [com.jojoldu.book.springboot.web.IndexControllerTest], using SpringBootContextLoader
2021-07-16 21:04:13.928  INFO 57947 --- [    Test worker] o.s.t.c.support.AbstractContextLoader    : Could not detect default resource locations for test class [com.jojoldu.book.springboot.web.IndexControllerTest]: no resource found for suffixes {-context.xml, Context.groovy}.
2021-07-16 21:04:13.928  INFO 57947 --- [    Test worker] t.c.s.AnnotationConfigContextLoaderUtils : Could not detect default configuration classes for test class [com.jojoldu.book.springboot.web.IndexControllerTest]: IndexControllerTest does not declare any static, non-private, non-final, nested classes annotated with @Configuration.
2021-07-16 21:04:13.929  INFO 57947 --- [    Test worker] .b.t.c.SpringBootTestContextBootstrapper : Found @SpringBootConfiguration com.jojoldu.book.springboot.Application for test class com.jojoldu.book.springboot.web.IndexControllerTest
2021-07-16 21:04:13.930  INFO 57947 --- [    Test worker] .b.t.c.SpringBootTestContextBootstrapper : Loaded default TestExecutionListener class names from location [META-INF/spring.factories]: [org.springframework.security.test.context.support.WithSecurityContextTestExecutionListener, org.springframework.security.test.context.support.ReactorContextTestExecutionListener, org.springframework.boot.test.autoconfigure.restdocs.RestDocsTestExecutionListener, org.springframework.boot.test.autoconfigure.web.client.MockRestServiceServerResetTestExecutionListener, org.springframework.boot.test.autoconfigure.web.servlet.MockMvcPrintOnlyOnFailureTestExecutionListener, org.springframework.boot.test.autoconfigure.web.servlet.WebDriverTestExecutionListener, org.springframework.boot.test.mock.mockito.MockitoTestExecutionListener, org.springframework.boot.test.mock.mockito.ResetMocksTestExecutionListener, org.springframework.test.context.web.ServletTestExecutionListener, org.springframework.test.context.support.DirtiesContextBeforeModesTestExecutionListener, org.springframework.test.context.support.DependencyInjectionTestExecutionListener, org.springframework.test.context.support.DirtiesContextTestExecutionListener, org.springframework.test.context.transaction.TransactionalTestExecutionListener, org.springframework.test.context.jdbc.SqlScriptsTestExecutionListener]
2021-07-16 21:04:13.931  INFO 57947 --- [    Test worker] .b.t.c.SpringBootTestContextBootstrapper : Using TestExecutionListeners: [org.springframework.test.context.web.ServletTestExecutionListener@7f7d0b40, org.springframework.test.context.support.DirtiesContextBeforeModesTestExecutionListener@3fc727d6, org.springframework.boot.test.mock.mockito.MockitoTestExecutionListener@6f54d215, org.springframework.boot.test.autoconfigure.SpringBootDependencyInjectionTestExecutionListener@44becb11, org.springframework.test.context.support.DirtiesContextTestExecutionListener@530effcd, org.springframework.test.context.transaction.TransactionalTestExecutionListener@55719bed, org.springframework.test.context.jdbc.SqlScriptsTestExecutionListener@1cfc3f2c, org.springframework.security.test.context.support.WithSecurityContextTestExecutionListener@2e2889e1, org.springframework.security.test.context.support.ReactorContextTestExecutionListener@afcfb7e, org.springframework.boot.test.autoconfigure.restdocs.RestDocsTestExecutionListener@530bb73f, org.springframework.boot.test.autoconfigure.web.client.MockRestServiceServerResetTestExecutionListener@2e73f72d, org.springframework.boot.test.autoconfigure.web.servlet.MockMvcPrintOnlyOnFailureTestExecutionListener@44fe0483, org.springframework.boot.test.autoconfigure.web.servlet.WebDriverTestExecutionListener@29b42069, org.springframework.boot.test.mock.mockito.ResetMocksTestExecutionListener@2788d82f]
2021-07-16 21:04:14.058  INFO 57947 --- [o-auto-1-exec-1] o.a.c.c.C.[Tomcat].[localhost].[/]       : Initializing Spring DispatcherServlet 'dispatcherServlet'
2021-07-16 21:04:14.058  INFO 57947 --- [o-auto-1-exec-1] o.s.web.servlet.DispatcherServlet        : Initializing Servlet 'dispatcherServlet'
2021-07-16 21:04:14.061  INFO 57947 --- [o-auto-1-exec-1] o.s.web.servlet.DispatcherServlet        : Completed initialization in 3 ms
Hibernate: select posts0_.id as id1_0_, posts0_.create_date as create_d2_0_, posts0_.modified_date as modified3_0_, posts0_.author as author4_0_, posts0_.content as content5_0_, posts0_.title as title6_0_ from posts posts0_ order by posts0_.id DESC
]]></system-out>
  <system-err><![CDATA[]]></system-err>
</testsuite>
