<?xml version="1.0" encoding="UTF-8"?>
<testsuite name="com.jojoldu.book.springboot.web.PostsApiControllerTest" tests="1" skipped="0" failures="0" errors="0" timestamp="2021-06-03T14:14:38" hostname="anseunghun-ui-MacBookPro.local" time="0.5">
  <properties/>
  <testcase name="PostsUpdate" classname="com.jojoldu.book.springboot.web.PostsApiControllerTest" time="0.5"/>
  <system-out><![CDATA[23:14:35.059 [Test worker] DEBUG org.springframework.test.context.junit4.SpringJUnit4ClassRunner - SpringJUnit4ClassRunner constructor called with [class com.jojoldu.book.springboot.web.PostsApiControllerTest]
23:14:35.066 [Test worker] DEBUG org.springframework.test.context.BootstrapUtils - Instantiating CacheAwareContextLoaderDelegate from class [org.springframework.test.context.cache.DefaultCacheAwareContextLoaderDelegate]
23:14:35.072 [Test worker] DEBUG org.springframework.test.context.BootstrapUtils - Instantiating BootstrapContext using constructor [public org.springframework.test.context.support.DefaultBootstrapContext(java.lang.Class,org.springframework.test.context.CacheAwareContextLoaderDelegate)]
23:14:35.084 [Test worker] DEBUG org.springframework.test.context.BootstrapUtils - Instantiating TestContextBootstrapper for test class [com.jojoldu.book.springboot.web.PostsApiControllerTest] from class [org.springframework.boot.test.context.SpringBootTestContextBootstrapper]
23:14:35.093 [Test worker] INFO org.springframework.boot.test.context.SpringBootTestContextBootstrapper - Neither @ContextConfiguration nor @ContextHierarchy found for test class [com.jojoldu.book.springboot.web.PostsApiControllerTest], using SpringBootContextLoader
23:14:35.095 [Test worker] DEBUG org.springframework.test.context.support.AbstractContextLoader - Did not detect default resource location for test class [com.jojoldu.book.springboot.web.PostsApiControllerTest]: class path resource [com/jojoldu/book/springboot/web/PostsApiControllerTest-context.xml] does not exist
23:14:35.096 [Test worker] DEBUG org.springframework.test.context.support.AbstractContextLoader - Did not detect default resource location for test class [com.jojoldu.book.springboot.web.PostsApiControllerTest]: class path resource [com/jojoldu/book/springboot/web/PostsApiControllerTestContext.groovy] does not exist
23:14:35.096 [Test worker] INFO org.springframework.test.context.support.AbstractContextLoader - Could not detect default resource locations for test class [com.jojoldu.book.springboot.web.PostsApiControllerTest]: no resource found for suffixes {-context.xml, Context.groovy}.
23:14:35.097 [Test worker] INFO org.springframework.test.context.support.AnnotationConfigContextLoaderUtils - Could not detect default configuration classes for test class [com.jojoldu.book.springboot.web.PostsApiControllerTest]: PostsApiControllerTest does not declare any static, non-private, non-final, nested classes annotated with @Configuration.
23:14:35.133 [Test worker] DEBUG org.springframework.test.context.support.ActiveProfilesUtils - Could not find an 'annotation declaring class' for annotation type [org.springframework.test.context.ActiveProfiles] and class [com.jojoldu.book.springboot.web.PostsApiControllerTest]
23:14:35.201 [Test worker] DEBUG org.springframework.context.annotation.ClassPathScanningCandidateComponentProvider - Identified candidate component class: file [/Users/anseunghun/IdeaProjects/springboot2-webservice/build/classes/java/main/com/jojoldu/book/springboot/Application.class]
23:14:35.202 [Test worker] INFO org.springframework.boot.test.context.SpringBootTestContextBootstrapper - Found @SpringBootConfiguration com.jojoldu.book.springboot.Application for test class com.jojoldu.book.springboot.web.PostsApiControllerTest
23:14:35.281 [Test worker] DEBUG org.springframework.boot.test.context.SpringBootTestContextBootstrapper - @TestExecutionListeners is not present for class [com.jojoldu.book.springboot.web.PostsApiControllerTest]: using defaults.
23:14:35.282 [Test worker] INFO org.springframework.boot.test.context.SpringBootTestContextBootstrapper - Loaded default TestExecutionListener class names from location [META-INF/spring.factories]: [org.springframework.boot.test.autoconfigure.restdocs.RestDocsTestExecutionListener, org.springframework.boot.test.autoconfigure.web.client.MockRestServiceServerResetTestExecutionListener, org.springframework.boot.test.autoconfigure.web.servlet.MockMvcPrintOnlyOnFailureTestExecutionListener, org.springframework.boot.test.autoconfigure.web.servlet.WebDriverTestExecutionListener, org.springframework.boot.test.mock.mockito.MockitoTestExecutionListener, org.springframework.boot.test.mock.mockito.ResetMocksTestExecutionListener, org.springframework.test.context.web.ServletTestExecutionListener, org.springframework.test.context.support.DirtiesContextBeforeModesTestExecutionListener, org.springframework.test.context.support.DependencyInjectionTestExecutionListener, org.springframework.test.context.support.DirtiesContextTestExecutionListener, org.springframework.test.context.transaction.TransactionalTestExecutionListener, org.springframework.test.context.jdbc.SqlScriptsTestExecutionListener]
23:14:35.296 [Test worker] INFO org.springframework.boot.test.context.SpringBootTestContextBootstrapper - Using TestExecutionListeners: [org.springframework.test.context.web.ServletTestExecutionListener@2c4cb8, org.springframework.test.context.support.DirtiesContextBeforeModesTestExecutionListener@419df3d1, org.springframework.boot.test.mock.mockito.MockitoTestExecutionListener@1a6a21ca, org.springframework.boot.test.autoconfigure.SpringBootDependencyInjectionTestExecutionListener@32f27eb0, org.springframework.test.context.support.DirtiesContextTestExecutionListener@5059adda, org.springframework.test.context.transaction.TransactionalTestExecutionListener@7ef4df7b, org.springframework.test.context.jdbc.SqlScriptsTestExecutionListener@355bd51e, org.springframework.boot.test.autoconfigure.restdocs.RestDocsTestExecutionListener@147d2afb, org.springframework.boot.test.autoconfigure.web.client.MockRestServiceServerResetTestExecutionListener@9d762d3, org.springframework.boot.test.autoconfigure.web.servlet.MockMvcPrintOnlyOnFailureTestExecutionListener@51807b95, org.springframework.boot.test.autoconfigure.web.servlet.WebDriverTestExecutionListener@3a98b79e, org.springframework.boot.test.mock.mockito.ResetMocksTestExecutionListener@474f68c4]
23:14:35.298 [Test worker] DEBUG org.springframework.test.annotation.ProfileValueUtils - Retrieved @ProfileValueSourceConfiguration [null] for test class [com.jojoldu.book.springboot.web.PostsApiControllerTest]
23:14:35.298 [Test worker] DEBUG org.springframework.test.annotation.ProfileValueUtils - Retrieved ProfileValueSource type [class org.springframework.test.annotation.SystemProfileValueSource] for class [com.jojoldu.book.springboot.web.PostsApiControllerTest]
23:14:35.300 [Test worker] DEBUG org.springframework.test.annotation.ProfileValueUtils - Retrieved @ProfileValueSourceConfiguration [null] for test class [com.jojoldu.book.springboot.web.PostsApiControllerTest]
23:14:35.301 [Test worker] DEBUG org.springframework.test.annotation.ProfileValueUtils - Retrieved ProfileValueSource type [class org.springframework.test.annotation.SystemProfileValueSource] for class [com.jojoldu.book.springboot.web.PostsApiControllerTest]
23:14:35.301 [Test worker] DEBUG org.springframework.test.annotation.ProfileValueUtils - Retrieved @ProfileValueSourceConfiguration [null] for test class [com.jojoldu.book.springboot.web.PostsApiControllerTest]
23:14:35.301 [Test worker] DEBUG org.springframework.test.annotation.ProfileValueUtils - Retrieved ProfileValueSource type [class org.springframework.test.annotation.SystemProfileValueSource] for class [com.jojoldu.book.springboot.web.PostsApiControllerTest]
23:14:35.304 [Test worker] DEBUG org.springframework.test.context.support.AbstractDirtiesContextTestExecutionListener - Before test class: context [DefaultTestContext@1e546953 testClass = PostsApiControllerTest, testInstance = [null], testMethod = [null], testException = [null], mergedContextConfiguration = [WebMergedContextConfiguration@617480a6 testClass = PostsApiControllerTest, locations = '{}', classes = '{class com.jojoldu.book.springboot.Application}', contextInitializerClasses = '[]', activeProfiles = '{}', propertySourceLocations = '{}', propertySourceProperties = '{org.springframework.boot.test.context.SpringBootTestContextBootstrapper=true, server.port=0}', contextCustomizers = set[org.springframework.boot.test.autoconfigure.properties.PropertyMappingContextCustomizer@0, org.springframework.boot.test.autoconfigure.web.servlet.WebDriverContextCustomizerFactory$Customizer@60bafa11, org.springframework.boot.test.context.filter.ExcludeFilterContextCustomizer@29945452, org.springframework.boot.test.json.DuplicateJsonObjectContextCustomizerFactory$DuplicateJsonObjectContextCustomizer@3e1e2ea2, org.springframework.boot.test.mock.mockito.MockitoContextCustomizer@0, org.springframework.boot.test.web.client.TestRestTemplateContextCustomizer@5853f2de], resourceBasePath = 'src/main/webapp', contextLoader = 'org.springframework.boot.test.context.SpringBootContextLoader', parent = [null]], attributes = map['org.springframework.test.context.web.ServletTestExecutionListener.activateListener' -> false]], class annotated with @DirtiesContext [false] with mode [null].
23:14:35.304 [Test worker] DEBUG org.springframework.test.annotation.ProfileValueUtils - Retrieved @ProfileValueSourceConfiguration [null] for test class [com.jojoldu.book.springboot.web.PostsApiControllerTest]
23:14:35.304 [Test worker] DEBUG org.springframework.test.annotation.ProfileValueUtils - Retrieved ProfileValueSource type [class org.springframework.test.annotation.SystemProfileValueSource] for class [com.jojoldu.book.springboot.web.PostsApiControllerTest]
23:14:35.308 [Test worker] DEBUG org.springframework.test.context.support.DependencyInjectionTestExecutionListener - Performing dependency injection for test context [[DefaultTestContext@1e546953 testClass = PostsApiControllerTest, testInstance = com.jojoldu.book.springboot.web.PostsApiControllerTest@2e53aed8, testMethod = [null], testException = [null], mergedContextConfiguration = [WebMergedContextConfiguration@617480a6 testClass = PostsApiControllerTest, locations = '{}', classes = '{class com.jojoldu.book.springboot.Application}', contextInitializerClasses = '[]', activeProfiles = '{}', propertySourceLocations = '{}', propertySourceProperties = '{org.springframework.boot.test.context.SpringBootTestContextBootstrapper=true, server.port=0}', contextCustomizers = set[org.springframework.boot.test.autoconfigure.properties.PropertyMappingContextCustomizer@0, org.springframework.boot.test.autoconfigure.web.servlet.WebDriverContextCustomizerFactory$Customizer@60bafa11, org.springframework.boot.test.context.filter.ExcludeFilterContextCustomizer@29945452, org.springframework.boot.test.json.DuplicateJsonObjectContextCustomizerFactory$DuplicateJsonObjectContextCustomizer@3e1e2ea2, org.springframework.boot.test.mock.mockito.MockitoContextCustomizer@0, org.springframework.boot.test.web.client.TestRestTemplateContextCustomizer@5853f2de], resourceBasePath = 'src/main/webapp', contextLoader = 'org.springframework.boot.test.context.SpringBootContextLoader', parent = [null]], attributes = map['org.springframework.test.context.web.ServletTestExecutionListener.activateListener' -> false]]].
23:14:35.325 [Test worker] DEBUG org.springframework.test.context.support.TestPropertySourceUtils - Adding inlined properties to environment: {spring.jmx.enabled=false, org.springframework.boot.test.context.SpringBootTestContextBootstrapper=true, server.port=0}

  .   ____          _            __ _ _
 /\\ / ___'_ __ _ _(_)_ __  __ _ \ \ \ \
( ( )\___ | '_ | '_| | '_ \/ _` | \ \ \ \
 \\/  ___)| |_)| | | | | || (_| |  ) ) ) )
  '  |____| .__|_| |_|_| |_\__, | / / / /
 =========|_|==============|___/=/_/_/_/
 :: Spring Boot ::        (v2.1.7.RELEASE)

2021-06-03 23:14:35.555  INFO 75578 --- [    Test worker] c.j.b.s.web.PostsApiControllerTest       : Starting PostsApiControllerTest on anseunghun-ui-MacBookPro.local with PID 75578 (started by anseunghun in /Users/anseunghun/IdeaProjects/springboot2-webservice)
2021-06-03 23:14:35.556  INFO 75578 --- [    Test worker] c.j.b.s.web.PostsApiControllerTest       : No active profile set, falling back to default profiles: default
2021-06-03 23:14:36.021  INFO 75578 --- [    Test worker] .s.d.r.c.RepositoryConfigurationDelegate : Bootstrapping Spring Data repositories in DEFAULT mode.
2021-06-03 23:14:36.087  INFO 75578 --- [    Test worker] .s.d.r.c.RepositoryConfigurationDelegate : Finished Spring Data repository scanning in 56ms. Found 1 repository interfaces.
2021-06-03 23:14:36.366  INFO 75578 --- [    Test worker] trationDelegate$BeanPostProcessorChecker : Bean 'org.springframework.transaction.annotation.ProxyTransactionManagementConfiguration' of type [org.springframework.transaction.annotation.ProxyTransactionManagementConfiguration$$EnhancerBySpringCGLIB$$439463df] is not eligible for getting processed by all BeanPostProcessors (for example: not eligible for auto-proxying)
2021-06-03 23:14:36.649  INFO 75578 --- [    Test worker] o.s.b.w.embedded.tomcat.TomcatWebServer  : Tomcat initialized with port(s): 0 (http)
2021-06-03 23:14:36.671  INFO 75578 --- [    Test worker] o.apache.catalina.core.StandardService   : Starting service [Tomcat]
2021-06-03 23:14:36.671  INFO 75578 --- [    Test worker] org.apache.catalina.core.StandardEngine  : Starting Servlet engine: [Apache Tomcat/9.0.22]
2021-06-03 23:14:36.776  INFO 75578 --- [    Test worker] o.a.c.c.C.[Tomcat].[localhost].[/]       : Initializing Spring embedded WebApplicationContext
2021-06-03 23:14:36.776  INFO 75578 --- [    Test worker] o.s.web.context.ContextLoader            : Root WebApplicationContext: initialization completed in 1208 ms
2021-06-03 23:14:36.959  INFO 75578 --- [    Test worker] com.zaxxer.hikari.HikariDataSource       : HikariPool-1 - Starting...
2021-06-03 23:14:37.109  INFO 75578 --- [    Test worker] com.zaxxer.hikari.HikariDataSource       : HikariPool-1 - Start completed.
2021-06-03 23:14:37.176  INFO 75578 --- [    Test worker] o.hibernate.jpa.internal.util.LogHelper  : HHH000204: Processing PersistenceUnitInfo [
	name: default
	...]
2021-06-03 23:14:37.248  INFO 75578 --- [    Test worker] org.hibernate.Version                    : HHH000412: Hibernate Core {5.3.10.Final}
2021-06-03 23:14:37.249  INFO 75578 --- [    Test worker] org.hibernate.cfg.Environment            : HHH000206: hibernate.properties not found
2021-06-03 23:14:37.396  INFO 75578 --- [    Test worker] o.hibernate.annotations.common.Version   : HCANN000001: Hibernate Commons Annotations {5.0.4.Final}
2021-06-03 23:14:37.516  INFO 75578 --- [    Test worker] org.hibernate.dialect.Dialect            : HHH000400: Using dialect: org.hibernate.dialect.MySQL5Dialect
Hibernate: drop table if exists posts
Hibernate: create table posts (id bigint not null auto_increment, author varchar(255), content TEXT not null, title varchar(500) not null, primary key (id)) engine=MyISAM
2021-06-03 23:14:38.033  INFO 75578 --- [    Test worker] o.h.t.schema.internal.SchemaCreatorImpl  : HHH000476: Executing import script 'org.hibernate.tool.schema.internal.exec.ScriptSourceInputNonExistentImpl@3216efad'
2021-06-03 23:14:38.036  INFO 75578 --- [    Test worker] j.LocalContainerEntityManagerFactoryBean : Initialized JPA EntityManagerFactory for persistence unit 'default'
2021-06-03 23:14:38.476  INFO 75578 --- [    Test worker] o.s.s.concurrent.ThreadPoolTaskExecutor  : Initializing ExecutorService 'applicationTaskExecutor'
2021-06-03 23:14:38.513  WARN 75578 --- [    Test worker] aWebConfiguration$JpaWebMvcConfiguration : spring.jpa.open-in-view is enabled by default. Therefore, database queries may be performed during view rendering. Explicitly configure spring.jpa.open-in-view to disable this warning
2021-06-03 23:14:38.705  INFO 75578 --- [    Test worker] o.s.b.w.embedded.tomcat.TomcatWebServer  : Tomcat started on port(s): 56937 (http) with context path ''
2021-06-03 23:14:38.707  INFO 75578 --- [    Test worker] c.j.b.s.web.PostsApiControllerTest       : Started PostsApiControllerTest in 3.379 seconds (JVM running for 4.113)
Hibernate: insert into posts (author, content, title) values (?, ?, ?)
2021-06-03 23:14:38.942  INFO 75578 --- [o-auto-1-exec-1] o.a.c.c.C.[Tomcat].[localhost].[/]       : Initializing Spring DispatcherServlet 'dispatcherServlet'
2021-06-03 23:14:38.942  INFO 75578 --- [o-auto-1-exec-1] o.s.web.servlet.DispatcherServlet        : Initializing Servlet 'dispatcherServlet'
2021-06-03 23:14:38.956  INFO 75578 --- [o-auto-1-exec-1] o.s.web.servlet.DispatcherServlet        : Completed initialization in 14 ms
Hibernate: select posts0_.id as id1_0_0_, posts0_.author as author2_0_0_, posts0_.content as content3_0_0_, posts0_.title as title4_0_0_ from posts posts0_ where posts0_.id=?
Hibernate: update posts set author=?, content=?, title=? where id=?
2021-06-03 23:14:39.110  INFO 75578 --- [    Test worker] o.h.h.i.QueryTranslatorFactoryInitiator  : HHH000397: Using ASTQueryTranslatorFactory
Hibernate: select posts0_.id as id1_0_, posts0_.author as author2_0_, posts0_.content as content3_0_, posts0_.title as title4_0_ from posts posts0_
Hibernate: select posts0_.id as id1_0_, posts0_.author as author2_0_, posts0_.content as content3_0_, posts0_.title as title4_0_ from posts posts0_
Hibernate: delete from posts where id=?
]]></system-out>
  <system-err><![CDATA[]]></system-err>
</testsuite>
