<?xml version="1.0" encoding="UTF-8"?>
<testsuite name="com.jojoldu.book.springboot.web.IndexControllerTest" tests="1" skipped="0" failures="0" errors="0" timestamp="2021-09-14T13:50:56" hostname="anseunghun-ui-MacBookPro.local" time="0.199">
  <properties/>
  <testcase name="mainPageLoading" classname="com.jojoldu.book.springboot.web.IndexControllerTest" time="0.199"/>
  <system-out><![CDATA[2021-09-14 22:50:52.877  INFO 69474 --- [    Test worker] .b.t.c.SpringBootTestContextBootstrapper : Neither @ContextConfiguration nor @ContextHierarchy found for test class [com.jojoldu.book.springboot.web.IndexControllerTest], using SpringBootContextLoader
2021-09-14 22:50:52.878  INFO 69474 --- [    Test worker] o.s.t.c.support.AbstractContextLoader    : Could not detect default resource locations for test class [com.jojoldu.book.springboot.web.IndexControllerTest]: no resource found for suffixes {-context.xml, Context.groovy}.
2021-09-14 22:50:52.879  INFO 69474 --- [    Test worker] t.c.s.AnnotationConfigContextLoaderUtils : Could not detect default configuration classes for test class [com.jojoldu.book.springboot.web.IndexControllerTest]: IndexControllerTest does not declare any static, non-private, non-final, nested classes annotated with @Configuration.
2021-09-14 22:50:52.881  INFO 69474 --- [    Test worker] .b.t.c.SpringBootTestContextBootstrapper : Found @SpringBootConfiguration com.jojoldu.book.springboot.Application for test class com.jojoldu.book.springboot.web.IndexControllerTest
2021-09-14 22:50:52.883  INFO 69474 --- [    Test worker] .b.t.c.SpringBootTestContextBootstrapper : Loaded default TestExecutionListener class names from location [META-INF/spring.factories]: [org.springframework.security.test.context.support.WithSecurityContextTestExecutionListener, org.springframework.security.test.context.support.ReactorContextTestExecutionListener, org.springframework.boot.test.autoconfigure.restdocs.RestDocsTestExecutionListener, org.springframework.boot.test.autoconfigure.web.client.MockRestServiceServerResetTestExecutionListener, org.springframework.boot.test.autoconfigure.web.servlet.MockMvcPrintOnlyOnFailureTestExecutionListener, org.springframework.boot.test.autoconfigure.web.servlet.WebDriverTestExecutionListener, org.springframework.boot.test.mock.mockito.MockitoTestExecutionListener, org.springframework.boot.test.mock.mockito.ResetMocksTestExecutionListener, org.springframework.test.context.web.ServletTestExecutionListener, org.springframework.test.context.support.DirtiesContextBeforeModesTestExecutionListener, org.springframework.test.context.support.DependencyInjectionTestExecutionListener, org.springframework.test.context.support.DirtiesContextTestExecutionListener, org.springframework.test.context.transaction.TransactionalTestExecutionListener, org.springframework.test.context.jdbc.SqlScriptsTestExecutionListener]
2021-09-14 22:50:52.884  INFO 69474 --- [    Test worker] .b.t.c.SpringBootTestContextBootstrapper : Using TestExecutionListeners: [org.springframework.test.context.web.ServletTestExecutionListener@3ba309a2, org.springframework.test.context.support.DirtiesContextBeforeModesTestExecutionListener@7ea32f07, org.springframework.boot.test.mock.mockito.MockitoTestExecutionListener@3990874a, org.springframework.boot.test.autoconfigure.SpringBootDependencyInjectionTestExecutionListener@145b09dc, org.springframework.test.context.support.DirtiesContextTestExecutionListener@3796ecec, org.springframework.test.context.transaction.TransactionalTestExecutionListener@50aa360e, org.springframework.test.context.jdbc.SqlScriptsTestExecutionListener@6dbd4186, org.springframework.security.test.context.support.WithSecurityContextTestExecutionListener@21e4a004, org.springframework.security.test.context.support.ReactorContextTestExecutionListener@2115c958, org.springframework.boot.test.autoconfigure.restdocs.RestDocsTestExecutionListener@200e8132, org.springframework.boot.test.autoconfigure.web.client.MockRestServiceServerResetTestExecutionListener@27b855c4, org.springframework.boot.test.autoconfigure.web.servlet.MockMvcPrintOnlyOnFailureTestExecutionListener@23d825b7, org.springframework.boot.test.autoconfigure.web.servlet.WebDriverTestExecutionListener@2c88779d, org.springframework.boot.test.mock.mockito.ResetMocksTestExecutionListener@785b642f]

  .   ____          _            __ _ _
 /\\ / ___'_ __ _ _(_)_ __  __ _ \ \ \ \
( ( )\___ | '_ | '_| | '_ \/ _` | \ \ \ \
 \\/  ___)| |_)| | | | | || (_| |  ) ) ) )
  '  |____| .__|_| |_|_| |_\__, | / / / /
 =========|_|==============|___/=/_/_/_/
 :: Spring Boot ::        (v2.1.7.RELEASE)

2021-09-14 22:50:52.917  INFO 69474 --- [    Test worker] c.j.b.s.web.IndexControllerTest          : Starting IndexControllerTest on anseunghun-ui-MacBookPro.local with PID 69474 (started by anseunghun in /Users/anseunghun/IdeaProjects/springboot2-webservice)
2021-09-14 22:50:52.918  INFO 69474 --- [    Test worker] c.j.b.s.web.IndexControllerTest          : No active profile set, falling back to default profiles: default
2021-09-14 22:50:53.231  INFO 69474 --- [    Test worker] .s.d.r.c.RepositoryConfigurationDelegate : Bootstrapping Spring Data repositories in DEFAULT mode.
2021-09-14 22:50:53.277  INFO 69474 --- [    Test worker] .s.d.r.c.RepositoryConfigurationDelegate : Finished Spring Data repository scanning in 41ms. Found 2 repository interfaces.
2021-09-14 22:50:53.456  INFO 69474 --- [    Test worker] trationDelegate$BeanPostProcessorChecker : Bean 'org.springframework.transaction.annotation.ProxyTransactionManagementConfiguration' of type [org.springframework.transaction.annotation.ProxyTransactionManagementConfiguration$$EnhancerBySpringCGLIB$$c9f4cc0f] is not eligible for getting processed by all BeanPostProcessors (for example: not eligible for auto-proxying)
2021-09-14 22:50:53.682  INFO 69474 --- [    Test worker] o.s.b.w.embedded.tomcat.TomcatWebServer  : Tomcat initialized with port(s): 0 (http)
2021-09-14 22:50:53.709  INFO 69474 --- [    Test worker] o.apache.catalina.core.StandardService   : Starting service [Tomcat]
2021-09-14 22:50:53.710  INFO 69474 --- [    Test worker] org.apache.catalina.core.StandardEngine  : Starting Servlet engine: [Apache Tomcat/9.0.22]
2021-09-14 22:50:53.826  INFO 69474 --- [    Test worker] o.a.c.c.C.[Tomcat].[localhost].[/]       : Initializing Spring embedded WebApplicationContext
2021-09-14 22:50:53.826  INFO 69474 --- [    Test worker] o.s.web.context.ContextLoader            : Root WebApplicationContext: initialization completed in 907 ms
2021-09-14 22:50:54.051  INFO 69474 --- [    Test worker] com.zaxxer.hikari.HikariDataSource       : HikariPool-1 - Starting...
2021-09-14 22:50:54.240  INFO 69474 --- [    Test worker] com.zaxxer.hikari.HikariDataSource       : HikariPool-1 - Start completed.
2021-09-14 22:50:54.322  INFO 69474 --- [    Test worker] o.hibernate.jpa.internal.util.LogHelper  : HHH000204: Processing PersistenceUnitInfo [
	name: default
	...]
2021-09-14 22:50:54.399  INFO 69474 --- [    Test worker] org.hibernate.Version                    : HHH000412: Hibernate Core {5.3.10.Final}
2021-09-14 22:50:54.400  INFO 69474 --- [    Test worker] org.hibernate.cfg.Environment            : HHH000206: hibernate.properties not found
2021-09-14 22:50:54.460  INFO 69474 --- [    Test worker] o.hibernate.annotations.common.Version   : HCANN000001: Hibernate Commons Annotations {5.0.4.Final}
2021-09-14 22:50:54.630  INFO 69474 --- [    Test worker] org.hibernate.dialect.Dialect            : HHH000400: Using dialect: org.hibernate.dialect.MySQL5InnoDBDialect
Hibernate: drop table if exists posts
Hibernate: drop table if exists user
Hibernate: create table posts (id bigint not null auto_increment, create_date datetime, modified_date datetime, author varchar(255), content TEXT not null, title varchar(500) not null, primary key (id)) engine=InnoDB
Hibernate: create table user (id bigint not null auto_increment, create_date datetime, modified_date datetime, email varchar(255) not null, name varchar(255) not null, picture varchar(255), role varchar(255) not null, primary key (id)) engine=InnoDB
2021-09-14 22:50:55.158  INFO 69474 --- [    Test worker] o.h.t.schema.internal.SchemaCreatorImpl  : HHH000476: Executing import script 'org.hibernate.tool.schema.internal.exec.ScriptSourceInputNonExistentImpl@7432ab52'
2021-09-14 22:50:55.162  INFO 69474 --- [    Test worker] j.LocalContainerEntityManagerFactoryBean : Initialized JPA EntityManagerFactory for persistence unit 'default'
2021-09-14 22:50:55.647  INFO 69474 --- [    Test worker] o.h.h.i.QueryTranslatorFactoryInitiator  : HHH000397: Using ASTQueryTranslatorFactory
2021-09-14 22:50:55.907  INFO 69474 --- [    Test worker] o.s.s.web.DefaultSecurityFilterChain     : Creating filter chain: any request, [org.springframework.security.web.context.request.async.WebAsyncManagerIntegrationFilter@7ad20201, org.springframework.security.web.context.SecurityContextPersistenceFilter@7b81231f, org.springframework.security.web.header.HeaderWriterFilter@6ff27015, org.springframework.security.web.authentication.logout.LogoutFilter@64bfb372, org.springframework.security.oauth2.client.web.OAuth2AuthorizationRequestRedirectFilter@460431aa, org.springframework.security.oauth2.client.web.OAuth2LoginAuthenticationFilter@3ece5429, org.springframework.security.web.authentication.ui.DefaultLoginPageGeneratingFilter@16d4f36c, org.springframework.security.web.authentication.ui.DefaultLogoutPageGeneratingFilter@2e289198, org.springframework.security.web.savedrequest.RequestCacheAwareFilter@54e4b46, org.springframework.security.web.servletapi.SecurityContextHolderAwareRequestFilter@79c0f122, org.springframework.security.web.authentication.AnonymousAuthenticationFilter@1a9f97eb, org.springframework.security.web.session.SessionManagementFilter@34cb7600, org.springframework.security.web.access.ExceptionTranslationFilter@4b46beef, org.springframework.security.web.access.intercept.FilterSecurityInterceptor@79cfd5b5]
2021-09-14 22:50:56.070  INFO 69474 --- [    Test worker] o.s.s.concurrent.ThreadPoolTaskExecutor  : Initializing ExecutorService 'applicationTaskExecutor'
2021-09-14 22:50:56.089  WARN 69474 --- [    Test worker] aWebConfiguration$JpaWebMvcConfiguration : spring.jpa.open-in-view is enabled by default. Therefore, database queries may be performed during view rendering. Explicitly configure spring.jpa.open-in-view to disable this warning
2021-09-14 22:50:56.120  INFO 69474 --- [    Test worker] o.s.b.a.w.s.WelcomePageHandlerMapping    : Adding welcome page template: index
2021-09-14 22:50:56.355  INFO 69474 --- [    Test worker] s.a.ScheduledAnnotationBeanPostProcessor : No TaskScheduler/ScheduledExecutorService bean found for scheduled processing
2021-09-14 22:50:56.377  INFO 69474 --- [    Test worker] o.s.b.w.embedded.tomcat.TomcatWebServer  : Tomcat started on port(s): 60915 (http) with context path ''
2021-09-14 22:50:56.378  INFO 69474 --- [    Test worker] c.j.b.s.web.IndexControllerTest          : Started IndexControllerTest in 3.491 seconds (JVM running for 6.609)
2021-09-14 22:50:56.468  INFO 69474 --- [o-auto-1-exec-1] o.a.c.c.C.[Tomcat].[localhost].[/]       : Initializing Spring DispatcherServlet 'dispatcherServlet'
2021-09-14 22:50:56.469  INFO 69474 --- [o-auto-1-exec-1] o.s.web.servlet.DispatcherServlet        : Initializing Servlet 'dispatcherServlet'
2021-09-14 22:50:56.480  INFO 69474 --- [o-auto-1-exec-1] o.s.web.servlet.DispatcherServlet        : Completed initialization in 11 ms
Hibernate: select posts0_.id as id1_0_, posts0_.create_date as create_d2_0_, posts0_.modified_date as modified3_0_, posts0_.author as author4_0_, posts0_.content as content5_0_, posts0_.title as title6_0_ from posts posts0_ order by posts0_.id DESC
]]></system-out>
  <system-err><![CDATA[]]></system-err>
</testsuite>
