<?xml version="1.0" encoding="UTF-8"?>
<testsuite name="com.jojoldu.book.springboot.domain.posts.PostsRepositoryTest" tests="2" skipped="0" failures="0" errors="0" timestamp="2021-09-14T13:44:06" hostname="anseunghun-ui-MacBookPro.local" time="0.026">
  <properties/>
  <testcase name="BaseTimeEntityEnrollment" classname="com.jojoldu.book.springboot.domain.posts.PostsRepositoryTest" time="0.018"/>
  <testcase name="saveLoadPost" classname="com.jojoldu.book.springboot.domain.posts.PostsRepositoryTest" time="0.007"/>
  <system-out><![CDATA[2021-09-14 22:44:05.292  INFO 69382 --- [    Test worker] .b.t.c.SpringBootTestContextBootstrapper : Neither @ContextConfiguration nor @ContextHierarchy found for test class [com.jojoldu.book.springboot.domain.posts.PostsRepositoryTest], using SpringBootContextLoader
2021-09-14 22:44:05.293  INFO 69382 --- [    Test worker] o.s.t.c.support.AbstractContextLoader    : Could not detect default resource locations for test class [com.jojoldu.book.springboot.domain.posts.PostsRepositoryTest]: no resource found for suffixes {-context.xml, Context.groovy}.
2021-09-14 22:44:05.293  INFO 69382 --- [    Test worker] t.c.s.AnnotationConfigContextLoaderUtils : Could not detect default configuration classes for test class [com.jojoldu.book.springboot.domain.posts.PostsRepositoryTest]: PostsRepositoryTest does not declare any static, non-private, non-final, nested classes annotated with @Configuration.
2021-09-14 22:44:05.297  INFO 69382 --- [    Test worker] .b.t.c.SpringBootTestContextBootstrapper : Found @SpringBootConfiguration com.jojoldu.book.springboot.Application for test class com.jojoldu.book.springboot.domain.posts.PostsRepositoryTest
2021-09-14 22:44:05.298  INFO 69382 --- [    Test worker] .b.t.c.SpringBootTestContextBootstrapper : Loaded default TestExecutionListener class names from location [META-INF/spring.factories]: [org.springframework.security.test.context.support.WithSecurityContextTestExecutionListener, org.springframework.security.test.context.support.ReactorContextTestExecutionListener, org.springframework.boot.test.autoconfigure.restdocs.RestDocsTestExecutionListener, org.springframework.boot.test.autoconfigure.web.client.MockRestServiceServerResetTestExecutionListener, org.springframework.boot.test.autoconfigure.web.servlet.MockMvcPrintOnlyOnFailureTestExecutionListener, org.springframework.boot.test.autoconfigure.web.servlet.WebDriverTestExecutionListener, org.springframework.boot.test.mock.mockito.MockitoTestExecutionListener, org.springframework.boot.test.mock.mockito.ResetMocksTestExecutionListener, org.springframework.test.context.web.ServletTestExecutionListener, org.springframework.test.context.support.DirtiesContextBeforeModesTestExecutionListener, org.springframework.test.context.support.DependencyInjectionTestExecutionListener, org.springframework.test.context.support.DirtiesContextTestExecutionListener, org.springframework.test.context.transaction.TransactionalTestExecutionListener, org.springframework.test.context.jdbc.SqlScriptsTestExecutionListener]
2021-09-14 22:44:05.298  INFO 69382 --- [    Test worker] .b.t.c.SpringBootTestContextBootstrapper : Using TestExecutionListeners: [org.springframework.test.context.web.ServletTestExecutionListener@4fcff7b5, org.springframework.test.context.support.DirtiesContextBeforeModesTestExecutionListener@49c02359, org.springframework.boot.test.mock.mockito.MockitoTestExecutionListener@214b344d, org.springframework.boot.test.autoconfigure.SpringBootDependencyInjectionTestExecutionListener@496dd5b6, org.springframework.test.context.support.DirtiesContextTestExecutionListener@792ff171, org.springframework.test.context.transaction.TransactionalTestExecutionListener@313dcfe6, org.springframework.test.context.jdbc.SqlScriptsTestExecutionListener@49ac6cd0, org.springframework.security.test.context.support.WithSecurityContextTestExecutionListener@6e4bd036, org.springframework.security.test.context.support.ReactorContextTestExecutionListener@68e910f7, org.springframework.boot.test.autoconfigure.restdocs.RestDocsTestExecutionListener@37f4b0f3, org.springframework.boot.test.autoconfigure.web.client.MockRestServiceServerResetTestExecutionListener@1d948031, org.springframework.boot.test.autoconfigure.web.servlet.MockMvcPrintOnlyOnFailureTestExecutionListener@2dee29d5, org.springframework.boot.test.autoconfigure.web.servlet.WebDriverTestExecutionListener@d20fa37, org.springframework.boot.test.mock.mockito.ResetMocksTestExecutionListener@1f41a048]

  .   ____          _            __ _ _
 /\\ / ___'_ __ _ _(_)_ __  __ _ \ \ \ \
( ( )\___ | '_ | '_| | '_ \/ _` | \ \ \ \
 \\/  ___)| |_)| | | | | || (_| |  ) ) ) )
  '  |____| .__|_| |_|_| |_\__, | / / / /
 =========|_|==============|___/=/_/_/_/
 :: Spring Boot ::        (v2.1.7.RELEASE)

2021-09-14 22:44:05.321  INFO 69382 --- [    Test worker] c.j.b.s.d.posts.PostsRepositoryTest      : Starting PostsRepositoryTest on anseunghun-ui-MacBookPro.local with PID 69382 (started by anseunghun in /Users/anseunghun/IdeaProjects/springboot2-webservice)
2021-09-14 22:44:05.321  INFO 69382 --- [    Test worker] c.j.b.s.d.posts.PostsRepositoryTest      : No active profile set, falling back to default profiles: default
2021-09-14 22:44:05.476  INFO 69382 --- [    Test worker] .s.d.r.c.RepositoryConfigurationDelegate : Bootstrapping Spring Data repositories in DEFAULT mode.
2021-09-14 22:44:05.488  INFO 69382 --- [    Test worker] .s.d.r.c.RepositoryConfigurationDelegate : Finished Spring Data repository scanning in 11ms. Found 2 repository interfaces.
2021-09-14 22:44:05.566  INFO 69382 --- [    Test worker] trationDelegate$BeanPostProcessorChecker : Bean 'org.springframework.transaction.annotation.ProxyTransactionManagementConfiguration' of type [org.springframework.transaction.annotation.ProxyTransactionManagementConfiguration$$EnhancerBySpringCGLIB$$1a6168be] is not eligible for getting processed by all BeanPostProcessors (for example: not eligible for auto-proxying)
2021-09-14 22:44:05.621  INFO 69382 --- [    Test worker] com.zaxxer.hikari.HikariDataSource       : HikariPool-2 - Starting...
2021-09-14 22:44:05.623  INFO 69382 --- [    Test worker] com.zaxxer.hikari.HikariDataSource       : HikariPool-2 - Start completed.
2021-09-14 22:44:05.644  INFO 69382 --- [    Test worker] o.hibernate.jpa.internal.util.LogHelper  : HHH000204: Processing PersistenceUnitInfo [
	name: default
	...]
2021-09-14 22:44:05.649  INFO 69382 --- [    Test worker] org.hibernate.dialect.Dialect            : HHH000400: Using dialect: org.hibernate.dialect.MySQL5InnoDBDialect
Hibernate: drop table if exists posts
Hibernate: drop table if exists user
Hibernate: create table posts (id bigint not null auto_increment, create_date datetime, modified_date datetime, author varchar(255), content TEXT not null, title varchar(500) not null, primary key (id)) engine=InnoDB
Hibernate: create table user (id bigint not null auto_increment, create_date datetime, modified_date datetime, email varchar(255) not null, name varchar(255) not null, picture varchar(255), role varchar(255) not null, primary key (id)) engine=InnoDB
2021-09-14 22:44:05.698  INFO 69382 --- [    Test worker] o.h.t.schema.internal.SchemaCreatorImpl  : HHH000476: Executing import script 'org.hibernate.tool.schema.internal.exec.ScriptSourceInputNonExistentImpl@65081c18'
2021-09-14 22:44:05.699  INFO 69382 --- [    Test worker] j.LocalContainerEntityManagerFactoryBean : Initialized JPA EntityManagerFactory for persistence unit 'default'
2021-09-14 22:44:05.840  INFO 69382 --- [    Test worker] o.h.h.i.QueryTranslatorFactoryInitiator  : HHH000397: Using ASTQueryTranslatorFactory
2021-09-14 22:44:05.927  INFO 69382 --- [    Test worker] o.s.s.web.DefaultSecurityFilterChain     : Creating filter chain: any request, [org.springframework.security.web.context.request.async.WebAsyncManagerIntegrationFilter@1010f539, org.springframework.security.web.context.SecurityContextPersistenceFilter@6f074743, org.springframework.security.web.header.HeaderWriterFilter@5745ac59, org.springframework.security.web.authentication.logout.LogoutFilter@362a1b01, org.springframework.security.oauth2.client.web.OAuth2AuthorizationRequestRedirectFilter@36ccadb2, org.springframework.security.oauth2.client.web.OAuth2LoginAuthenticationFilter@52573bc9, org.springframework.security.web.authentication.ui.DefaultLoginPageGeneratingFilter@63426575, org.springframework.security.web.authentication.ui.DefaultLogoutPageGeneratingFilter@7897c38c, org.springframework.security.web.savedrequest.RequestCacheAwareFilter@127aa2d3, org.springframework.security.web.servletapi.SecurityContextHolderAwareRequestFilter@68a7f3a1, org.springframework.security.web.authentication.AnonymousAuthenticationFilter@2b654011, org.springframework.security.web.session.SessionManagementFilter@31875d35, org.springframework.security.web.access.ExceptionTranslationFilter@78c0a818, org.springframework.security.web.access.intercept.FilterSecurityInterceptor@69b03bec]
2021-09-14 22:44:06.069  INFO 69382 --- [    Test worker] o.s.s.concurrent.ThreadPoolTaskExecutor  : Initializing ExecutorService 'applicationTaskExecutor'
2021-09-14 22:44:06.077  WARN 69382 --- [    Test worker] aWebConfiguration$JpaWebMvcConfiguration : spring.jpa.open-in-view is enabled by default. Therefore, database queries may be performed during view rendering. Explicitly configure spring.jpa.open-in-view to disable this warning
2021-09-14 22:44:06.092  INFO 69382 --- [    Test worker] o.s.b.a.w.s.WelcomePageHandlerMapping    : Adding welcome page template: index
2021-09-14 22:44:06.273  INFO 69382 --- [    Test worker] s.a.ScheduledAnnotationBeanPostProcessor : No TaskScheduler/ScheduledExecutorService bean found for scheduled processing
2021-09-14 22:44:06.274  INFO 69382 --- [    Test worker] c.j.b.s.d.posts.PostsRepositoryTest      : Started PostsRepositoryTest in 0.975 seconds (JVM running for 7.742)
Hibernate: insert into posts (create_date, modified_date, author, content, title) values (?, ?, ?, ?, ?)
Hibernate: select posts0_.id as id1_0_, posts0_.create_date as create_d2_0_, posts0_.modified_date as modified3_0_, posts0_.author as author4_0_, posts0_.content as content5_0_, posts0_.title as title6_0_ from posts posts0_
>>>>>>>>> createDate=2021-09-14T22:44:06.283699, modifiedDate=2021-09-14T22:44:06.283699
Hibernate: select posts0_.id as id1_0_, posts0_.create_date as create_d2_0_, posts0_.modified_date as modified3_0_, posts0_.author as author4_0_, posts0_.content as content5_0_, posts0_.title as title6_0_ from posts posts0_
Hibernate: delete from posts where id=?
Hibernate: insert into posts (create_date, modified_date, author, content, title) values (?, ?, ?, ?, ?)
Hibernate: select posts0_.id as id1_0_, posts0_.create_date as create_d2_0_, posts0_.modified_date as modified3_0_, posts0_.author as author4_0_, posts0_.content as content5_0_, posts0_.title as title6_0_ from posts posts0_
Hibernate: select posts0_.id as id1_0_, posts0_.create_date as create_d2_0_, posts0_.modified_date as modified3_0_, posts0_.author as author4_0_, posts0_.content as content5_0_, posts0_.title as title6_0_ from posts posts0_
Hibernate: delete from posts where id=?
]]></system-out>
  <system-err><![CDATA[]]></system-err>
</testsuite>
