<?xml version="1.0" encoding="UTF-8"?>
<testsuite name="com.jojoldu.book.springboot.web.IndexControllerTest" tests="1" skipped="0" failures="0" errors="0" timestamp="2021-07-16T12:23:59" hostname="anseunghun-ui-MacBookPro.local" time="0.21">
  <properties/>
  <testcase name="mainPageLoading" classname="com.jojoldu.book.springboot.web.IndexControllerTest" time="0.21"/>
  <system-out><![CDATA[2021-07-16 21:23:55.921  INFO 58089 --- [    Test worker] .b.t.c.SpringBootTestContextBootstrapper : Neither @ContextConfiguration nor @ContextHierarchy found for test class [com.jojoldu.book.springboot.web.IndexControllerTest], using SpringBootContextLoader
2021-07-16 21:23:55.922  INFO 58089 --- [    Test worker] o.s.t.c.support.AbstractContextLoader    : Could not detect default resource locations for test class [com.jojoldu.book.springboot.web.IndexControllerTest]: no resource found for suffixes {-context.xml, Context.groovy}.
2021-07-16 21:23:55.923  INFO 58089 --- [    Test worker] t.c.s.AnnotationConfigContextLoaderUtils : Could not detect default configuration classes for test class [com.jojoldu.book.springboot.web.IndexControllerTest]: IndexControllerTest does not declare any static, non-private, non-final, nested classes annotated with @Configuration.
2021-07-16 21:23:55.926  INFO 58089 --- [    Test worker] .b.t.c.SpringBootTestContextBootstrapper : Found @SpringBootConfiguration com.jojoldu.book.springboot.Application for test class com.jojoldu.book.springboot.web.IndexControllerTest
2021-07-16 21:23:55.929  INFO 58089 --- [    Test worker] .b.t.c.SpringBootTestContextBootstrapper : Loaded default TestExecutionListener class names from location [META-INF/spring.factories]: [org.springframework.security.test.context.support.WithSecurityContextTestExecutionListener, org.springframework.security.test.context.support.ReactorContextTestExecutionListener, org.springframework.boot.test.autoconfigure.restdocs.RestDocsTestExecutionListener, org.springframework.boot.test.autoconfigure.web.client.MockRestServiceServerResetTestExecutionListener, org.springframework.boot.test.autoconfigure.web.servlet.MockMvcPrintOnlyOnFailureTestExecutionListener, org.springframework.boot.test.autoconfigure.web.servlet.WebDriverTestExecutionListener, org.springframework.boot.test.mock.mockito.MockitoTestExecutionListener, org.springframework.boot.test.mock.mockito.ResetMocksTestExecutionListener, org.springframework.test.context.web.ServletTestExecutionListener, org.springframework.test.context.support.DirtiesContextBeforeModesTestExecutionListener, org.springframework.test.context.support.DependencyInjectionTestExecutionListener, org.springframework.test.context.support.DirtiesContextTestExecutionListener, org.springframework.test.context.transaction.TransactionalTestExecutionListener, org.springframework.test.context.jdbc.SqlScriptsTestExecutionListener]
2021-07-16 21:23:55.930  INFO 58089 --- [    Test worker] .b.t.c.SpringBootTestContextBootstrapper : Using TestExecutionListeners: [org.springframework.test.context.web.ServletTestExecutionListener@33895a3, org.springframework.test.context.support.DirtiesContextBeforeModesTestExecutionListener@54be7308, org.springframework.boot.test.mock.mockito.MockitoTestExecutionListener@b32e901, org.springframework.boot.test.autoconfigure.SpringBootDependencyInjectionTestExecutionListener@38a37658, org.springframework.test.context.support.DirtiesContextTestExecutionListener@7ff16962, org.springframework.test.context.transaction.TransactionalTestExecutionListener@587063a7, org.springframework.test.context.jdbc.SqlScriptsTestExecutionListener@4496f349, org.springframework.security.test.context.support.WithSecurityContextTestExecutionListener@67a44c35, org.springframework.security.test.context.support.ReactorContextTestExecutionListener@136a93da, org.springframework.boot.test.autoconfigure.restdocs.RestDocsTestExecutionListener@48dcb74b, org.springframework.boot.test.autoconfigure.web.client.MockRestServiceServerResetTestExecutionListener@3ba309a2, org.springframework.boot.test.autoconfigure.web.servlet.MockMvcPrintOnlyOnFailureTestExecutionListener@7ea32f07, org.springframework.boot.test.autoconfigure.web.servlet.WebDriverTestExecutionListener@3990874a, org.springframework.boot.test.mock.mockito.ResetMocksTestExecutionListener@145b09dc]

  .   ____          _            __ _ _
 /\\ / ___'_ __ _ _(_)_ __  __ _ \ \ \ \
( ( )\___ | '_ | '_| | '_ \/ _` | \ \ \ \
 \\/  ___)| |_)| | | | | || (_| |  ) ) ) )
  '  |____| .__|_| |_|_| |_\__, | / / / /
 =========|_|==============|___/=/_/_/_/
 :: Spring Boot ::        (v2.1.7.RELEASE)

2021-07-16 21:23:55.954  INFO 58089 --- [    Test worker] c.j.b.s.web.IndexControllerTest          : Starting IndexControllerTest on anseunghun-ui-MacBookPro.local with PID 58089 (started by anseunghun in /Users/anseunghun/IdeaProjects/springboot2-webservice)
2021-07-16 21:23:55.955  INFO 58089 --- [    Test worker] c.j.b.s.web.IndexControllerTest          : No active profile set, falling back to default profiles: default
2021-07-16 21:23:56.249  INFO 58089 --- [    Test worker] .s.d.r.c.RepositoryConfigurationDelegate : Bootstrapping Spring Data repositories in DEFAULT mode.
2021-07-16 21:23:56.300  INFO 58089 --- [    Test worker] .s.d.r.c.RepositoryConfigurationDelegate : Finished Spring Data repository scanning in 45ms. Found 2 repository interfaces.
2021-07-16 21:23:56.563  INFO 58089 --- [    Test worker] trationDelegate$BeanPostProcessorChecker : Bean 'org.springframework.transaction.annotation.ProxyTransactionManagementConfiguration' of type [org.springframework.transaction.annotation.ProxyTransactionManagementConfiguration$$EnhancerBySpringCGLIB$$9b1f831c] is not eligible for getting processed by all BeanPostProcessors (for example: not eligible for auto-proxying)
2021-07-16 21:23:56.824  INFO 58089 --- [    Test worker] o.s.b.w.embedded.tomcat.TomcatWebServer  : Tomcat initialized with port(s): 0 (http)
2021-07-16 21:23:56.851  INFO 58089 --- [    Test worker] o.apache.catalina.core.StandardService   : Starting service [Tomcat]
2021-07-16 21:23:56.851  INFO 58089 --- [    Test worker] org.apache.catalina.core.StandardEngine  : Starting Servlet engine: [Apache Tomcat/9.0.22]
2021-07-16 21:23:56.978  INFO 58089 --- [    Test worker] o.a.c.c.C.[Tomcat].[localhost].[/]       : Initializing Spring embedded WebApplicationContext
2021-07-16 21:23:56.978  INFO 58089 --- [    Test worker] o.s.web.context.ContextLoader            : Root WebApplicationContext: initialization completed in 1021 ms
2021-07-16 21:23:57.216  INFO 58089 --- [    Test worker] com.zaxxer.hikari.HikariDataSource       : HikariPool-1 - Starting...
2021-07-16 21:23:57.422  INFO 58089 --- [    Test worker] com.zaxxer.hikari.HikariDataSource       : HikariPool-1 - Start completed.
2021-07-16 21:23:57.505  INFO 58089 --- [    Test worker] o.hibernate.jpa.internal.util.LogHelper  : HHH000204: Processing PersistenceUnitInfo [
	name: default
	...]
2021-07-16 21:23:57.621  INFO 58089 --- [    Test worker] org.hibernate.Version                    : HHH000412: Hibernate Core {5.3.10.Final}
2021-07-16 21:23:57.627  INFO 58089 --- [    Test worker] org.hibernate.cfg.Environment            : HHH000206: hibernate.properties not found
2021-07-16 21:23:57.690  INFO 58089 --- [    Test worker] o.hibernate.annotations.common.Version   : HCANN000001: Hibernate Commons Annotations {5.0.4.Final}
2021-07-16 21:23:57.831  INFO 58089 --- [    Test worker] org.hibernate.dialect.Dialect            : HHH000400: Using dialect: org.hibernate.dialect.MySQL5InnoDBDialect
Hibernate: drop table if exists posts
Hibernate: drop table if exists user
Hibernate: create table posts (id bigint not null auto_increment, create_date datetime, modified_date datetime, author varchar(255), content TEXT not null, title varchar(500) not null, primary key (id)) engine=InnoDB
Hibernate: create table user (id bigint not null auto_increment, create_date datetime, modified_date datetime, email varchar(255) not null, name varchar(255) not null, picture varchar(255), role varchar(255) not null, primary key (id)) engine=InnoDB
2021-07-16 21:23:58.452  INFO 58089 --- [    Test worker] o.h.t.schema.internal.SchemaCreatorImpl  : HHH000476: Executing import script 'org.hibernate.tool.schema.internal.exec.ScriptSourceInputNonExistentImpl@21950a65'
2021-07-16 21:23:58.456  INFO 58089 --- [    Test worker] j.LocalContainerEntityManagerFactoryBean : Initialized JPA EntityManagerFactory for persistence unit 'default'
2021-07-16 21:23:59.079  INFO 58089 --- [    Test worker] o.h.h.i.QueryTranslatorFactoryInitiator  : HHH000397: Using ASTQueryTranslatorFactory
2021-07-16 21:23:59.352  INFO 58089 --- [    Test worker] o.s.s.web.DefaultSecurityFilterChain     : Creating filter chain: any request, [org.springframework.security.web.context.request.async.WebAsyncManagerIntegrationFilter@1136790, org.springframework.security.web.context.SecurityContextPersistenceFilter@1718558f, org.springframework.security.web.header.HeaderWriterFilter@4eba49ce, org.springframework.security.web.authentication.logout.LogoutFilter@48930951, org.springframework.security.oauth2.client.web.OAuth2AuthorizationRequestRedirectFilter@4c179f21, org.springframework.security.oauth2.client.web.OAuth2LoginAuthenticationFilter@65209580, org.springframework.security.web.authentication.ui.DefaultLoginPageGeneratingFilter@1df2834d, org.springframework.security.web.authentication.ui.DefaultLogoutPageGeneratingFilter@66ca76fd, org.springframework.security.web.savedrequest.RequestCacheAwareFilter@d732bd5, org.springframework.security.web.servletapi.SecurityContextHolderAwareRequestFilter@119be78c, org.springframework.security.web.authentication.AnonymousAuthenticationFilter@79cfd5b5, org.springframework.security.web.session.SessionManagementFilter@7cbe0b71, org.springframework.security.web.access.ExceptionTranslationFilter@7f1cadb4, org.springframework.security.web.access.intercept.FilterSecurityInterceptor@54e4b46]
2021-07-16 21:23:59.494  INFO 58089 --- [    Test worker] o.s.s.concurrent.ThreadPoolTaskExecutor  : Initializing ExecutorService 'applicationTaskExecutor'
2021-07-16 21:23:59.508  WARN 58089 --- [    Test worker] aWebConfiguration$JpaWebMvcConfiguration : spring.jpa.open-in-view is enabled by default. Therefore, database queries may be performed during view rendering. Explicitly configure spring.jpa.open-in-view to disable this warning
2021-07-16 21:23:59.535  INFO 58089 --- [    Test worker] o.s.b.a.w.s.WelcomePageHandlerMapping    : Adding welcome page template: index
2021-07-16 21:23:59.781  INFO 58089 --- [    Test worker] s.a.ScheduledAnnotationBeanPostProcessor : No TaskScheduler/ScheduledExecutorService bean found for scheduled processing
2021-07-16 21:23:59.801  INFO 58089 --- [    Test worker] o.s.b.w.embedded.tomcat.TomcatWebServer  : Tomcat started on port(s): 57238 (http) with context path ''
2021-07-16 21:23:59.802  INFO 58089 --- [    Test worker] c.j.b.s.web.IndexControllerTest          : Started IndexControllerTest in 3.87 seconds (JVM running for 7.68)
2021-07-16 21:23:59.902  INFO 58089 --- [o-auto-1-exec-1] o.a.c.c.C.[Tomcat].[localhost].[/]       : Initializing Spring DispatcherServlet 'dispatcherServlet'
2021-07-16 21:23:59.902  INFO 58089 --- [o-auto-1-exec-1] o.s.web.servlet.DispatcherServlet        : Initializing Servlet 'dispatcherServlet'
2021-07-16 21:23:59.917  INFO 58089 --- [o-auto-1-exec-1] o.s.web.servlet.DispatcherServlet        : Completed initialization in 15 ms
Hibernate: select posts0_.id as id1_0_, posts0_.create_date as create_d2_0_, posts0_.modified_date as modified3_0_, posts0_.author as author4_0_, posts0_.content as content5_0_, posts0_.title as title6_0_ from posts posts0_ order by posts0_.id DESC
]]></system-out>
  <system-err><![CDATA[]]></system-err>
</testsuite>
