<?xml version="1.0" encoding="UTF-8"?>
<testsuite name="com.jojoldu.book.springboot.web.PostsApiControllerTest" tests="2" skipped="0" failures="0" errors="0" timestamp="2021-07-16T12:04:13" hostname="anseunghun-ui-MacBookPro.local" time="0.55">
  <properties/>
  <testcase name="PostsSave" classname="com.jojoldu.book.springboot.web.PostsApiControllerTest" time="0.523"/>
  <testcase name="PostsUpdate" classname="com.jojoldu.book.springboot.web.PostsApiControllerTest" time="0.027"/>
  <system-out><![CDATA[2021-07-16 21:04:08.594  INFO 57947 --- [    Test worker] .b.t.c.SpringBootTestContextBootstrapper : Neither @ContextConfiguration nor @ContextHierarchy found for test class [com.jojoldu.book.springboot.web.PostsApiControllerTest], using SpringBootContextLoader
2021-07-16 21:04:08.595  INFO 57947 --- [    Test worker] o.s.t.c.support.AbstractContextLoader    : Could not detect default resource locations for test class [com.jojoldu.book.springboot.web.PostsApiControllerTest]: no resource found for suffixes {-context.xml, Context.groovy}.
2021-07-16 21:04:08.596  INFO 57947 --- [    Test worker] t.c.s.AnnotationConfigContextLoaderUtils : Could not detect default configuration classes for test class [com.jojoldu.book.springboot.web.PostsApiControllerTest]: PostsApiControllerTest does not declare any static, non-private, non-final, nested classes annotated with @Configuration.
2021-07-16 21:04:08.597  INFO 57947 --- [    Test worker] .b.t.c.SpringBootTestContextBootstrapper : Found @SpringBootConfiguration com.jojoldu.book.springboot.Application for test class com.jojoldu.book.springboot.web.PostsApiControllerTest
2021-07-16 21:04:08.599  INFO 57947 --- [    Test worker] .b.t.c.SpringBootTestContextBootstrapper : Loaded default TestExecutionListener class names from location [META-INF/spring.factories]: [org.springframework.security.test.context.support.WithSecurityContextTestExecutionListener, org.springframework.security.test.context.support.ReactorContextTestExecutionListener, org.springframework.boot.test.autoconfigure.restdocs.RestDocsTestExecutionListener, org.springframework.boot.test.autoconfigure.web.client.MockRestServiceServerResetTestExecutionListener, org.springframework.boot.test.autoconfigure.web.servlet.MockMvcPrintOnlyOnFailureTestExecutionListener, org.springframework.boot.test.autoconfigure.web.servlet.WebDriverTestExecutionListener, org.springframework.boot.test.mock.mockito.MockitoTestExecutionListener, org.springframework.boot.test.mock.mockito.ResetMocksTestExecutionListener, org.springframework.test.context.web.ServletTestExecutionListener, org.springframework.test.context.support.DirtiesContextBeforeModesTestExecutionListener, org.springframework.test.context.support.DependencyInjectionTestExecutionListener, org.springframework.test.context.support.DirtiesContextTestExecutionListener, org.springframework.test.context.transaction.TransactionalTestExecutionListener, org.springframework.test.context.jdbc.SqlScriptsTestExecutionListener]
2021-07-16 21:04:08.600  INFO 57947 --- [    Test worker] .b.t.c.SpringBootTestContextBootstrapper : Using TestExecutionListeners: [org.springframework.test.context.web.ServletTestExecutionListener@1f6e4757, org.springframework.test.context.support.DirtiesContextBeforeModesTestExecutionListener@66f04c3, org.springframework.boot.test.mock.mockito.MockitoTestExecutionListener@1622546b, org.springframework.boot.test.autoconfigure.SpringBootDependencyInjectionTestExecutionListener@5920fee1, org.springframework.test.context.support.DirtiesContextTestExecutionListener@34995e6d, org.springframework.test.context.transaction.TransactionalTestExecutionListener@4a2e1d21, org.springframework.test.context.jdbc.SqlScriptsTestExecutionListener@4e2b9903, org.springframework.security.test.context.support.WithSecurityContextTestExecutionListener@10a2a1d1, org.springframework.security.test.context.support.ReactorContextTestExecutionListener@6eb6ef9e, org.springframework.boot.test.autoconfigure.restdocs.RestDocsTestExecutionListener@544b207c, org.springframework.boot.test.autoconfigure.web.client.MockRestServiceServerResetTestExecutionListener@463a5877, org.springframework.boot.test.autoconfigure.web.servlet.MockMvcPrintOnlyOnFailureTestExecutionListener@4313d548, org.springframework.boot.test.autoconfigure.web.servlet.WebDriverTestExecutionListener@1a8018ab, org.springframework.boot.test.mock.mockito.ResetMocksTestExecutionListener@17458347]

  .   ____          _            __ _ _
 /\\ / ___'_ __ _ _(_)_ __  __ _ \ \ \ \
( ( )\___ | '_ | '_| | '_ \/ _` | \ \ \ \
 \\/  ___)| |_)| | | | | || (_| |  ) ) ) )
  '  |____| .__|_| |_|_| |_\__, | / / / /
 =========|_|==============|___/=/_/_/_/
 :: Spring Boot ::        (v2.1.7.RELEASE)

2021-07-16 21:04:08.628  INFO 57947 --- [    Test worker] c.j.b.s.web.PostsApiControllerTest       : Starting PostsApiControllerTest on anseunghun-ui-MacBookPro.local with PID 57947 (started by anseunghun in /Users/anseunghun/IdeaProjects/springboot2-webservice)
2021-07-16 21:04:08.629  INFO 57947 --- [    Test worker] c.j.b.s.web.PostsApiControllerTest       : No active profile set, falling back to default profiles: default
2021-07-16 21:04:09.037  INFO 57947 --- [    Test worker] .s.d.r.c.RepositoryConfigurationDelegate : Bootstrapping Spring Data repositories in DEFAULT mode.
2021-07-16 21:04:09.108  INFO 57947 --- [    Test worker] .s.d.r.c.RepositoryConfigurationDelegate : Finished Spring Data repository scanning in 61ms. Found 2 repository interfaces.
2021-07-16 21:04:09.371  INFO 57947 --- [    Test worker] trationDelegate$BeanPostProcessorChecker : Bean 'org.springframework.transaction.annotation.ProxyTransactionManagementConfiguration' of type [org.springframework.transaction.annotation.ProxyTransactionManagementConfiguration$$EnhancerBySpringCGLIB$$9ed89517] is not eligible for getting processed by all BeanPostProcessors (for example: not eligible for auto-proxying)
2021-07-16 21:04:09.806  INFO 57947 --- [    Test worker] o.s.b.w.embedded.tomcat.TomcatWebServer  : Tomcat initialized with port(s): 0 (http)
2021-07-16 21:04:09.833  INFO 57947 --- [    Test worker] o.apache.catalina.core.StandardService   : Starting service [Tomcat]
2021-07-16 21:04:09.833  INFO 57947 --- [    Test worker] org.apache.catalina.core.StandardEngine  : Starting Servlet engine: [Apache Tomcat/9.0.22]
2021-07-16 21:04:09.999  INFO 57947 --- [    Test worker] o.a.c.c.C.[Tomcat].[localhost].[/]       : Initializing Spring embedded WebApplicationContext
2021-07-16 21:04:10.000  INFO 57947 --- [    Test worker] o.s.web.context.ContextLoader            : Root WebApplicationContext: initialization completed in 1370 ms
2021-07-16 21:04:10.326  INFO 57947 --- [    Test worker] com.zaxxer.hikari.HikariDataSource       : HikariPool-1 - Starting...
2021-07-16 21:04:10.499  INFO 57947 --- [    Test worker] com.zaxxer.hikari.HikariDataSource       : HikariPool-1 - Start completed.
2021-07-16 21:04:10.592  INFO 57947 --- [    Test worker] o.hibernate.jpa.internal.util.LogHelper  : HHH000204: Processing PersistenceUnitInfo [
	name: default
	...]
2021-07-16 21:04:10.666  INFO 57947 --- [    Test worker] org.hibernate.Version                    : HHH000412: Hibernate Core {5.3.10.Final}
2021-07-16 21:04:10.667  INFO 57947 --- [    Test worker] org.hibernate.cfg.Environment            : HHH000206: hibernate.properties not found
2021-07-16 21:04:10.849  INFO 57947 --- [    Test worker] o.hibernate.annotations.common.Version   : HCANN000001: Hibernate Commons Annotations {5.0.4.Final}
2021-07-16 21:04:10.996  INFO 57947 --- [    Test worker] org.hibernate.dialect.Dialect            : HHH000400: Using dialect: org.hibernate.dialect.MySQL5InnoDBDialect
Hibernate: drop table if exists posts
Hibernate: drop table if exists user
Hibernate: create table posts (id bigint not null auto_increment, create_date datetime, modified_date datetime, author varchar(255), content TEXT not null, title varchar(500) not null, primary key (id)) engine=InnoDB
Hibernate: create table user (id bigint not null auto_increment, create_date datetime, modified_date datetime, email varchar(255) not null, name varchar(255) not null, picture varchar(255), role varchar(255) not null, primary key (id)) engine=InnoDB
2021-07-16 21:04:11.703  INFO 57947 --- [    Test worker] o.h.t.schema.internal.SchemaCreatorImpl  : HHH000476: Executing import script 'org.hibernate.tool.schema.internal.exec.ScriptSourceInputNonExistentImpl@3ef78e58'
2021-07-16 21:04:11.706  INFO 57947 --- [    Test worker] j.LocalContainerEntityManagerFactoryBean : Initialized JPA EntityManagerFactory for persistence unit 'default'
2021-07-16 21:04:12.292  INFO 57947 --- [    Test worker] o.h.h.i.QueryTranslatorFactoryInitiator  : HHH000397: Using ASTQueryTranslatorFactory
2021-07-16 21:04:12.648  INFO 57947 --- [    Test worker] o.s.s.web.DefaultSecurityFilterChain     : Creating filter chain: any request, [org.springframework.security.web.context.request.async.WebAsyncManagerIntegrationFilter@5bace5b1, org.springframework.security.web.context.SecurityContextPersistenceFilter@2162b25c, org.springframework.security.web.header.HeaderWriterFilter@35b209e, org.springframework.security.web.authentication.logout.LogoutFilter@212c7e5, org.springframework.security.oauth2.client.web.OAuth2AuthorizationRequestRedirectFilter@7731d512, org.springframework.security.oauth2.client.web.OAuth2LoginAuthenticationFilter@7716adbb, org.springframework.security.web.authentication.ui.DefaultLoginPageGeneratingFilter@5e956051, org.springframework.security.web.authentication.ui.DefaultLogoutPageGeneratingFilter@3904f857, org.springframework.security.web.savedrequest.RequestCacheAwareFilter@5192300f, org.springframework.security.web.servletapi.SecurityContextHolderAwareRequestFilter@7e86d95e, org.springframework.security.web.authentication.AnonymousAuthenticationFilter@21ac88c5, org.springframework.security.web.session.SessionManagementFilter@14a6a0af, org.springframework.security.web.access.ExceptionTranslationFilter@7f78f4b8, org.springframework.security.web.access.intercept.FilterSecurityInterceptor@7702913e]
2021-07-16 21:04:12.952  INFO 57947 --- [    Test worker] o.s.s.concurrent.ThreadPoolTaskExecutor  : Initializing ExecutorService 'applicationTaskExecutor'
2021-07-16 21:04:13.001  WARN 57947 --- [    Test worker] aWebConfiguration$JpaWebMvcConfiguration : spring.jpa.open-in-view is enabled by default. Therefore, database queries may be performed during view rendering. Explicitly configure spring.jpa.open-in-view to disable this warning
2021-07-16 21:04:13.047  INFO 57947 --- [    Test worker] o.s.b.a.w.s.WelcomePageHandlerMapping    : Adding welcome page template: index
2021-07-16 21:04:13.327  INFO 57947 --- [    Test worker] s.a.ScheduledAnnotationBeanPostProcessor : No TaskScheduler/ScheduledExecutorService bean found for scheduled processing
2021-07-16 21:04:13.355  INFO 57947 --- [    Test worker] o.s.b.w.embedded.tomcat.TomcatWebServer  : Tomcat started on port(s): 57167 (http) with context path ''
2021-07-16 21:04:13.357  INFO 57947 --- [    Test worker] c.j.b.s.web.PostsApiControllerTest       : Started PostsApiControllerTest in 4.754 seconds (JVM running for 7.597)
2021-07-16 21:04:13.463  INFO 57947 --- [    Test worker] o.a.c.c.C.[Tomcat].[localhost].[/]       : Initializing Spring TestDispatcherServlet ''
2021-07-16 21:04:13.464  INFO 57947 --- [    Test worker] o.s.t.web.servlet.TestDispatcherServlet  : Initializing Servlet ''
2021-07-16 21:04:13.480  INFO 57947 --- [    Test worker] o.s.t.web.servlet.TestDispatcherServlet  : Completed initialization in 16 ms
Hibernate: insert into posts (create_date, modified_date, author, content, title) values (?, ?, ?, ?, ?)
Hibernate: select posts0_.id as id1_0_, posts0_.create_date as create_d2_0_, posts0_.modified_date as modified3_0_, posts0_.author as author4_0_, posts0_.content as content5_0_, posts0_.title as title6_0_ from posts posts0_
Hibernate: select posts0_.id as id1_0_, posts0_.create_date as create_d2_0_, posts0_.modified_date as modified3_0_, posts0_.author as author4_0_, posts0_.content as content5_0_, posts0_.title as title6_0_ from posts posts0_
Hibernate: delete from posts where id=?
2021-07-16 21:04:13.891  INFO 57947 --- [    Test worker] o.a.c.c.C.[Tomcat].[localhost].[/]       : Initializing Spring TestDispatcherServlet ''
2021-07-16 21:04:13.891  INFO 57947 --- [    Test worker] o.s.t.web.servlet.TestDispatcherServlet  : Initializing Servlet ''
2021-07-16 21:04:13.894  INFO 57947 --- [    Test worker] o.s.t.web.servlet.TestDispatcherServlet  : Completed initialization in 3 ms
Hibernate: insert into posts (create_date, modified_date, author, content, title) values (?, ?, ?, ?, ?)
Hibernate: select posts0_.id as id1_0_0_, posts0_.create_date as create_d2_0_0_, posts0_.modified_date as modified3_0_0_, posts0_.author as author4_0_0_, posts0_.content as content5_0_0_, posts0_.title as title6_0_0_ from posts posts0_ where posts0_.id=?
Hibernate: update posts set create_date=?, modified_date=?, author=?, content=?, title=? where id=?
Hibernate: select posts0_.id as id1_0_, posts0_.create_date as create_d2_0_, posts0_.modified_date as modified3_0_, posts0_.author as author4_0_, posts0_.content as content5_0_, posts0_.title as title6_0_ from posts posts0_
Hibernate: select posts0_.id as id1_0_, posts0_.create_date as create_d2_0_, posts0_.modified_date as modified3_0_, posts0_.author as author4_0_, posts0_.content as content5_0_, posts0_.title as title6_0_ from posts posts0_
Hibernate: delete from posts where id=?
]]></system-out>
  <system-err><![CDATA[]]></system-err>
</testsuite>
