<?xml version="1.0" encoding="UTF-8"?>
<testsuite name="com.jojoldu.book.springboot.domain.posts.PostsRepositoryTest" tests="2" skipped="0" failures="0" errors="0" timestamp="2021-07-16T12:04:15" hostname="anseunghun-ui-MacBookPro.local" time="0.019">
  <properties/>
  <testcase name="BaseTimeEntityEnrollment" classname="com.jojoldu.book.springboot.domain.posts.PostsRepositoryTest" time="0.013"/>
  <testcase name="saveLoadPost" classname="com.jojoldu.book.springboot.domain.posts.PostsRepositoryTest" time="0.005"/>
  <system-out><![CDATA[2021-07-16 21:04:14.148  INFO 57947 --- [    Test worker] .b.t.c.SpringBootTestContextBootstrapper : Neither @ContextConfiguration nor @ContextHierarchy found for test class [com.jojoldu.book.springboot.domain.posts.PostsRepositoryTest], using SpringBootContextLoader
2021-07-16 21:04:14.148  INFO 57947 --- [    Test worker] o.s.t.c.support.AbstractContextLoader    : Could not detect default resource locations for test class [com.jojoldu.book.springboot.domain.posts.PostsRepositoryTest]: no resource found for suffixes {-context.xml, Context.groovy}.
2021-07-16 21:04:14.148  INFO 57947 --- [    Test worker] t.c.s.AnnotationConfigContextLoaderUtils : Could not detect default configuration classes for test class [com.jojoldu.book.springboot.domain.posts.PostsRepositoryTest]: PostsRepositoryTest does not declare any static, non-private, non-final, nested classes annotated with @Configuration.
2021-07-16 21:04:14.155  INFO 57947 --- [    Test worker] .b.t.c.SpringBootTestContextBootstrapper : Found @SpringBootConfiguration com.jojoldu.book.springboot.Application for test class com.jojoldu.book.springboot.domain.posts.PostsRepositoryTest
2021-07-16 21:04:14.156  INFO 57947 --- [    Test worker] .b.t.c.SpringBootTestContextBootstrapper : Loaded default TestExecutionListener class names from location [META-INF/spring.factories]: [org.springframework.security.test.context.support.WithSecurityContextTestExecutionListener, org.springframework.security.test.context.support.ReactorContextTestExecutionListener, org.springframework.boot.test.autoconfigure.restdocs.RestDocsTestExecutionListener, org.springframework.boot.test.autoconfigure.web.client.MockRestServiceServerResetTestExecutionListener, org.springframework.boot.test.autoconfigure.web.servlet.MockMvcPrintOnlyOnFailureTestExecutionListener, org.springframework.boot.test.autoconfigure.web.servlet.WebDriverTestExecutionListener, org.springframework.boot.test.mock.mockito.MockitoTestExecutionListener, org.springframework.boot.test.mock.mockito.ResetMocksTestExecutionListener, org.springframework.test.context.web.ServletTestExecutionListener, org.springframework.test.context.support.DirtiesContextBeforeModesTestExecutionListener, org.springframework.test.context.support.DependencyInjectionTestExecutionListener, org.springframework.test.context.support.DirtiesContextTestExecutionListener, org.springframework.test.context.transaction.TransactionalTestExecutionListener, org.springframework.test.context.jdbc.SqlScriptsTestExecutionListener]
2021-07-16 21:04:14.156  INFO 57947 --- [    Test worker] .b.t.c.SpringBootTestContextBootstrapper : Using TestExecutionListeners: [org.springframework.test.context.web.ServletTestExecutionListener@1e632ddf, org.springframework.test.context.support.DirtiesContextBeforeModesTestExecutionListener@6b193f7f, org.springframework.boot.test.mock.mockito.MockitoTestExecutionListener@54e4d180, org.springframework.boot.test.autoconfigure.SpringBootDependencyInjectionTestExecutionListener@783b43f6, org.springframework.test.context.support.DirtiesContextTestExecutionListener@7f3184fb, org.springframework.test.context.transaction.TransactionalTestExecutionListener@5df1bea5, org.springframework.test.context.jdbc.SqlScriptsTestExecutionListener@2feb1c4a, org.springframework.security.test.context.support.WithSecurityContextTestExecutionListener@deddeb2, org.springframework.security.test.context.support.ReactorContextTestExecutionListener@7e8885a8, org.springframework.boot.test.autoconfigure.restdocs.RestDocsTestExecutionListener@2edc084a, org.springframework.boot.test.autoconfigure.web.client.MockRestServiceServerResetTestExecutionListener@59225897, org.springframework.boot.test.autoconfigure.web.servlet.MockMvcPrintOnlyOnFailureTestExecutionListener@3ad9054f, org.springframework.boot.test.autoconfigure.web.servlet.WebDriverTestExecutionListener@c67279, org.springframework.boot.test.mock.mockito.ResetMocksTestExecutionListener@4e16b473]

  .   ____          _            __ _ _
 /\\ / ___'_ __ _ _(_)_ __  __ _ \ \ \ \
( ( )\___ | '_ | '_| | '_ \/ _` | \ \ \ \
 \\/  ___)| |_)| | | | | || (_| |  ) ) ) )
  '  |____| .__|_| |_|_| |_\__, | / / / /
 =========|_|==============|___/=/_/_/_/
 :: Spring Boot ::        (v2.1.7.RELEASE)

2021-07-16 21:04:14.176  INFO 57947 --- [    Test worker] c.j.b.s.d.posts.PostsRepositoryTest      : Starting PostsRepositoryTest on anseunghun-ui-MacBookPro.local with PID 57947 (started by anseunghun in /Users/anseunghun/IdeaProjects/springboot2-webservice)
2021-07-16 21:04:14.178  INFO 57947 --- [    Test worker] c.j.b.s.d.posts.PostsRepositoryTest      : No active profile set, falling back to default profiles: default
2021-07-16 21:04:14.355  INFO 57947 --- [    Test worker] .s.d.r.c.RepositoryConfigurationDelegate : Bootstrapping Spring Data repositories in DEFAULT mode.
2021-07-16 21:04:14.368  INFO 57947 --- [    Test worker] .s.d.r.c.RepositoryConfigurationDelegate : Finished Spring Data repository scanning in 13ms. Found 2 repository interfaces.
2021-07-16 21:04:14.461  INFO 57947 --- [    Test worker] trationDelegate$BeanPostProcessorChecker : Bean 'org.springframework.transaction.annotation.ProxyTransactionManagementConfiguration' of type [org.springframework.transaction.annotation.ProxyTransactionManagementConfiguration$$EnhancerBySpringCGLIB$$9ed89517] is not eligible for getting processed by all BeanPostProcessors (for example: not eligible for auto-proxying)
2021-07-16 21:04:14.531  INFO 57947 --- [    Test worker] com.zaxxer.hikari.HikariDataSource       : HikariPool-2 - Starting...
2021-07-16 21:04:14.533  INFO 57947 --- [    Test worker] com.zaxxer.hikari.HikariDataSource       : HikariPool-2 - Start completed.
2021-07-16 21:04:14.549  INFO 57947 --- [    Test worker] o.hibernate.jpa.internal.util.LogHelper  : HHH000204: Processing PersistenceUnitInfo [
	name: default
	...]
2021-07-16 21:04:14.554  INFO 57947 --- [    Test worker] org.hibernate.dialect.Dialect            : HHH000400: Using dialect: org.hibernate.dialect.MySQL5InnoDBDialect
Hibernate: drop table if exists posts
Hibernate: drop table if exists user
Hibernate: create table posts (id bigint not null auto_increment, create_date datetime, modified_date datetime, author varchar(255), content TEXT not null, title varchar(500) not null, primary key (id)) engine=InnoDB
Hibernate: create table user (id bigint not null auto_increment, create_date datetime, modified_date datetime, email varchar(255) not null, name varchar(255) not null, picture varchar(255), role varchar(255) not null, primary key (id)) engine=InnoDB
2021-07-16 21:04:14.589  INFO 57947 --- [    Test worker] o.h.t.schema.internal.SchemaCreatorImpl  : HHH000476: Executing import script 'org.hibernate.tool.schema.internal.exec.ScriptSourceInputNonExistentImpl@3ef78e58'
2021-07-16 21:04:14.589  INFO 57947 --- [    Test worker] j.LocalContainerEntityManagerFactoryBean : Initialized JPA EntityManagerFactory for persistence unit 'default'
2021-07-16 21:04:14.723  INFO 57947 --- [    Test worker] o.h.h.i.QueryTranslatorFactoryInitiator  : HHH000397: Using ASTQueryTranslatorFactory
2021-07-16 21:04:14.818  INFO 57947 --- [    Test worker] o.s.s.web.DefaultSecurityFilterChain     : Creating filter chain: any request, [org.springframework.security.web.context.request.async.WebAsyncManagerIntegrationFilter@14f7907f, org.springframework.security.web.context.SecurityContextPersistenceFilter@a846f78, org.springframework.security.web.header.HeaderWriterFilter@10eb4c0f, org.springframework.security.web.authentication.logout.LogoutFilter@6edac560, org.springframework.security.oauth2.client.web.OAuth2AuthorizationRequestRedirectFilter@62161255, org.springframework.security.oauth2.client.web.OAuth2LoginAuthenticationFilter@1849d209, org.springframework.security.web.authentication.ui.DefaultLoginPageGeneratingFilter@478c9d46, org.springframework.security.web.authentication.ui.DefaultLogoutPageGeneratingFilter@3fe60e1a, org.springframework.security.web.savedrequest.RequestCacheAwareFilter@5eb3655d, org.springframework.security.web.servletapi.SecurityContextHolderAwareRequestFilter@1472c1b0, org.springframework.security.web.authentication.AnonymousAuthenticationFilter@6db02709, org.springframework.security.web.session.SessionManagementFilter@7ef5bb1b, org.springframework.security.web.access.ExceptionTranslationFilter@4ce3100d, org.springframework.security.web.access.intercept.FilterSecurityInterceptor@4dcccedd]
2021-07-16 21:04:14.990  INFO 57947 --- [    Test worker] o.s.s.concurrent.ThreadPoolTaskExecutor  : Initializing ExecutorService 'applicationTaskExecutor'
2021-07-16 21:04:15.000  WARN 57947 --- [    Test worker] aWebConfiguration$JpaWebMvcConfiguration : spring.jpa.open-in-view is enabled by default. Therefore, database queries may be performed during view rendering. Explicitly configure spring.jpa.open-in-view to disable this warning
2021-07-16 21:04:15.020  INFO 57947 --- [    Test worker] o.s.b.a.w.s.WelcomePageHandlerMapping    : Adding welcome page template: index
2021-07-16 21:04:15.239  INFO 57947 --- [    Test worker] s.a.ScheduledAnnotationBeanPostProcessor : No TaskScheduler/ScheduledExecutorService bean found for scheduled processing
2021-07-16 21:04:15.240  INFO 57947 --- [    Test worker] c.j.b.s.d.posts.PostsRepositoryTest      : Started PostsRepositoryTest in 1.082 seconds (JVM running for 9.48)
Hibernate: insert into posts (create_date, modified_date, author, content, title) values (?, ?, ?, ?, ?)
Hibernate: select posts0_.id as id1_0_, posts0_.create_date as create_d2_0_, posts0_.modified_date as modified3_0_, posts0_.author as author4_0_, posts0_.content as content5_0_, posts0_.title as title6_0_ from posts posts0_
>>>>>>>>> createDate=2021-07-16T21:04:15.249725, modifiedDate=2021-07-16T21:04:15.249725
Hibernate: select posts0_.id as id1_0_, posts0_.create_date as create_d2_0_, posts0_.modified_date as modified3_0_, posts0_.author as author4_0_, posts0_.content as content5_0_, posts0_.title as title6_0_ from posts posts0_
Hibernate: delete from posts where id=?
Hibernate: insert into posts (create_date, modified_date, author, content, title) values (?, ?, ?, ?, ?)
Hibernate: select posts0_.id as id1_0_, posts0_.create_date as create_d2_0_, posts0_.modified_date as modified3_0_, posts0_.author as author4_0_, posts0_.content as content5_0_, posts0_.title as title6_0_ from posts posts0_
Hibernate: select posts0_.id as id1_0_, posts0_.create_date as create_d2_0_, posts0_.modified_date as modified3_0_, posts0_.author as author4_0_, posts0_.content as content5_0_, posts0_.title as title6_0_ from posts posts0_
Hibernate: delete from posts where id=?
]]></system-out>
  <system-err><![CDATA[]]></system-err>
</testsuite>
